app/build/intermediates/manifest_merge_blame_file/debug/manifest-merger-blame-debug-report.txt
1<?xml version="1.0" encoding="utf-8"?>
2<manifest xmlns:android="http://schemas.android.com/apk/res/android"
3    package="com.example.androidattendancesystem"
4    android:versionCode="1"
5    android:versionName="1.0" >
6
7    <uses-sdk
8        android:minSdkVersion="14"
8-->src\main\AndroidManifest.xml
9        android:targetSdkVersion="26" />
9-->src\main\AndroidManifest.xml
10
11    <application
11-->src\main\AndroidManifest.xml:7:5-74:19
12        android:name="com.android.attendance.context.ApplicationContext"
12-->src\main\AndroidManifest.xml:8:10-74
13        android:allowBackup="true"
13-->src\main\AndroidManifest.xml:9:9-35
14        android:debuggable="true"
15        android:icon="@drawable/appicon"
15-->src\main\AndroidManifest.xml:10:9-41
16        android:label="   Attendance"
16-->src\main\AndroidManifest.xml:11:9-38
17        android:theme="@style/AppBaseTheme" >
17-->src\main\AndroidManifest.xml:12:9-44
18        <activity
18-->src\main\AndroidManifest.xml:14:9-24:20
19            android:name="com.android.attendance.activity.MainActivity"
19-->src\main\AndroidManifest.xml:15:13-72
20            android:label="@string/app_name" >
20-->src\main\AndroidManifest.xml:16:13-45
21            <intent-filter>
21-->src\main\AndroidManifest.xml:19:13-23:29
22                <action android:name="android.intent.action.MAIN" />
22-->src\main\AndroidManifest.xml:20:17-69
22-->src\main\AndroidManifest.xml:20:25-66
23
24                <category android:name="android.intent.category.LAUNCHER" />
24-->src\main\AndroidManifest.xml:22:17-77
24-->src\main\AndroidManifest.xml:22:27-74
25            </intent-filter>
26        </activity>
27        <activity
27-->src\main\AndroidManifest.xml:25:10-28:20
28            android:name="com.android.attendance.activity.LoginActivity"
28-->src\main\AndroidManifest.xml:26:13-73
29            android:label="   Attendance" >
29-->src\main\AndroidManifest.xml:27:13-42
30        </activity>
31        <activity
31-->src\main\AndroidManifest.xml:29:10-32:20
32            android:name="com.android.attendance.activity.MenuActivity"
32-->src\main\AndroidManifest.xml:30:13-72
33            android:label="   Attendance" >
33-->src\main\AndroidManifest.xml:31:13-42
34        </activity>
35        <activity
35-->src\main\AndroidManifest.xml:33:10-36:20
36            android:name="com.android.attendance.activity.AddFacultyActivity"
36-->src\main\AndroidManifest.xml:34:13-78
37            android:label="   Attendance" >
37-->src\main\AndroidManifest.xml:35:13-42
38        </activity>
39        <activity
39-->src\main\AndroidManifest.xml:37:9-40:20
40            android:name="com.android.attendance.activity.AddStudentActivity"
40-->src\main\AndroidManifest.xml:38:13-78
41            android:label="   Attendance" >
41-->src\main\AndroidManifest.xml:39:13-42
42        </activity>
43        <activity
43-->src\main\AndroidManifest.xml:41:9-44:20
44            android:name="com.android.attendance.activity.ViewFacultyActivity"
44-->src\main\AndroidManifest.xml:42:13-79
45            android:label="   Attendance" >
45-->src\main\AndroidManifest.xml:43:13-42
46        </activity>
47        <activity
47-->src\main\AndroidManifest.xml:45:9-48:20
48            android:name="com.android.attendance.activity.ViewStudentActivity"
48-->src\main\AndroidManifest.xml:46:13-79
49            android:label="   Attendance" >
49-->src\main\AndroidManifest.xml:47:13-42
50        </activity>
51        <activity
51-->src\main\AndroidManifest.xml:49:9-52:20
52            android:name="com.android.attendance.activity.TestActivity"
52-->src\main\AndroidManifest.xml:50:13-72
53            android:label="   Attendance" >
53-->src\main\AndroidManifest.xml:51:13-42
54        </activity>
55        <activity
55-->src\main\AndroidManifest.xml:53:10-56:20
56            android:name="com.android.attendance.activity.ViewStudentByBranchYear"
56-->src\main\AndroidManifest.xml:54:13-83
57            android:label="   Attendance" >
57-->src\main\AndroidManifest.xml:55:13-42
58        </activity>
59        <activity
59-->src\main\AndroidManifest.xml:57:11-60:20
60            android:name="com.android.attendance.activity.AddAttandanceSessionActivity"
60-->src\main\AndroidManifest.xml:58:13-88
61            android:label="   Attendance" >
61-->src\main\AndroidManifest.xml:59:13-42
62        </activity>
63        <activity
63-->src\main\AndroidManifest.xml:61:10-64:20
64            android:name="com.android.attendance.activity.AddAttendanceActivity"
64-->src\main\AndroidManifest.xml:62:13-81
65            android:label="   Attendance" >
65-->src\main\AndroidManifest.xml:63:13-42
66        </activity>
67        <activity
67-->src\main\AndroidManifest.xml:65:10-68:20
68            android:name="com.android.attendance.activity.ViewAttendanceByFacultyActivity"
68-->src\main\AndroidManifest.xml:66:13-91
69            android:label="   Attendance" >
69-->src\main\AndroidManifest.xml:67:13-42
70        </activity>
71        <activity
71-->src\main\AndroidManifest.xml:69:10-72:20
72            android:name="com.android.attendance.activity.ViewAttendancePerStudentActivity"
72-->src\main\AndroidManifest.xml:70:13-92
73            android:label="   Attendance" >
73-->src\main\AndroidManifest.xml:71:13-42
74        </activity>
75    </application>
76
77</manifest>